生成启动时间为 2018/7/4 19:13:56。
     1>项目“D:\学习\数据结构\PJ\traffic_consult_system\traffic_consult_system\traffic_consult_system.vcxproj”在节点 2 上(Build 个目标)。
     1>ClCompile:
         D:\VS2013\VC\bin\CL.exe /c /ZI /nologo /W3 /WX- /sdl /Od /Oy- /D _MBCS /Gm /EHsc /RTC1 /MDd /GS /fp:precise /Zc:wchar_t /Zc:forScope /Fo"Debug\\" /Fd"Debug\vc120.pdb" /Gd /TP /analyze- /errorReport:prompt traffic.cpp
         traffic.cpp
     1>d:\学习\数据结构\pj\traffic_consult_system\traffic_consult_system\traffic.h(123): warning C4351: 新增行为:  默认情况下初始化数组“Graph::roads”的元素
     1>d:\学习\数据结构\pj\traffic_consult_system\traffic_consult_system\traffic.h(123): warning C4351: 新增行为:  默认情况下初始化数组“Graph::mincost_plane”的元素
     1>d:\学习\数据结构\pj\traffic_consult_system\traffic_consult_system\traffic.h(123): warning C4351: 新增行为:  默认情况下初始化数组“Graph::mincost_train”的元素
     1>d:\学习\数据结构\pj\traffic_consult_system\traffic_consult_system\traffic.h(123): warning C4351: 新增行为:  默认情况下初始化数组“Graph::mincost_plane_path”的元素
     1>d:\学习\数据结构\pj\traffic_consult_system\traffic_consult_system\traffic.h(123): warning C4351: 新增行为:  默认情况下初始化数组“Graph::mincost_train_path”的元素
     1>d:\学习\数据结构\pj\traffic_consult_system\traffic_consult_system\traffic.h(123): warning C4351: 新增行为:  默认情况下初始化数组“Graph::mintime_plane”的元素
     1>d:\学习\数据结构\pj\traffic_consult_system\traffic_consult_system\traffic.h(123): warning C4351: 新增行为:  默认情况下初始化数组“Graph::mintime_plane_path”的元素
     1>d:\学习\数据结构\pj\traffic_consult_system\traffic_consult_system\traffic.h(123): warning C4351: 新增行为:  默认情况下初始化数组“Graph::mintime_train”的元素
     1>d:\学习\数据结构\pj\traffic_consult_system\traffic_consult_system\traffic.h(123): warning C4351: 新增行为:  默认情况下初始化数组“Graph::mintime_train_path”的元素
     1>d:\学习\数据结构\pj\traffic_consult_system\traffic_consult_system\traffic.h(123): warning C4351: 新增行为:  默认情况下初始化数组“Graph::newroads_plane”的元素
     1>d:\学习\数据结构\pj\traffic_consult_system\traffic_consult_system\traffic.h(123): warning C4351: 新增行为:  默认情况下初始化数组“Graph::newpaths_plane”的元素
     1>d:\学习\数据结构\pj\traffic_consult_system\traffic_consult_system\traffic.h(123): warning C4351: 新增行为:  默认情况下初始化数组“Graph::newroads_train”的元素
     1>d:\学习\数据结构\pj\traffic_consult_system\traffic_consult_system\traffic.h(123): warning C4351: 新增行为:  默认情况下初始化数组“Graph::newpaths_train”的元素
     1>d:\学习\数据结构\pj\traffic_consult_system\traffic_consult_system\traffic.h(164): warning C4018: “<”: 有符号/无符号不匹配
     1>d:\学习\数据结构\pj\traffic_consult_system\traffic_consult_system\traffic.h(181): warning C4018: “<”: 有符号/无符号不匹配
     1>d:\学习\数据结构\pj\traffic_consult_system\traffic_consult_system\traffic.h(237): warning C4018: “<”: 有符号/无符号不匹配
       Link:
         D:\VS2013\VC\bin\link.exe /ERRORREPORT:PROMPT /OUT:"D:\学习\数据结构\PJ\traffic_consult_system\Debug\traffic_consult_system.exe" /INCREMENTAL /NOLOGO kernel32.lib user32.lib gdi32.lib winspool.lib comdlg32.lib advapi32.lib shell32.lib ole32.lib oleaut32.lib uuid.lib odbc32.lib odbccp32.lib /MANIFEST /MANIFESTUAC:"level='asInvoker' uiAccess='false'" /manifest:embed /DEBUG /PDB:"D:\学习\数据结构\PJ\traffic_consult_system\Debug\traffic_consult_system.pdb" /TLBID:1 /DYNAMICBASE /NXCOMPAT /IMPLIB:"D:\学习\数据结构\PJ\traffic_consult_system\Debug\traffic_consult_system.lib" /MACHINE:X86 Debug\traffic.obj
         traffic_consult_system.vcxproj -> D:\学习\数据结构\PJ\traffic_consult_system\Debug\traffic_consult_system.exe
     1>已完成生成项目“D:\学习\数据结构\PJ\traffic_consult_system\traffic_consult_system\traffic_consult_system.vcxproj”(Build 个目标)的操作。

生成成功。

已用时间 00:00:04.70
